
2020-10-06 14:12:51,896 INFO [Test worker] o.s.b.t.c.SpringBootTestContextBootstrapper [AbstractTestContextBootstrapper.java:308] Neither @ContextConfiguration nor @ContextHierarchy found for test class [org.dell.kube.pagesapi.HomeApiTest], using SpringBootContextLoader
2020-10-06 14:12:51,906 INFO [Test worker] o.s.t.c.s.AbstractContextLoader [AbstractContextLoader.java:264] Could not detect default resource locations for test class [org.dell.kube.pagesapi.HomeApiTest]: no resource found for suffixes {-context.xml, Context.groovy}.
2020-10-06 14:12:52,137 INFO [Test worker] o.s.b.t.c.SpringBootTestContextBootstrapper [AbstractTestContextBootstrapper.java:248] Loaded default TestExecutionListener class names from location [META-INF/spring.factories]: [org.springframework.boot.test.autoconfigure.restdocs.RestDocsTestExecutionListener, org.springframework.boot.test.autoconfigure.web.client.MockRestServiceServerResetTestExecutionListener, org.springframework.boot.test.autoconfigure.web.servlet.MockMvcPrintOnlyOnFailureTestExecutionListener, org.springframework.boot.test.autoconfigure.web.servlet.WebDriverTestExecutionListener, org.springframework.boot.test.autoconfigure.webservices.client.MockWebServiceServerTestExecutionListener, org.springframework.boot.test.mock.mockito.MockitoTestExecutionListener, org.springframework.boot.test.mock.mockito.ResetMocksTestExecutionListener, org.springframework.test.context.web.ServletTestExecutionListener, org.springframework.test.context.support.DirtiesContextBeforeModesTestExecutionListener, org.springframework.test.context.support.DependencyInjectionTestExecutionListener, org.springframework.test.context.support.DirtiesContextTestExecutionListener, org.springframework.test.context.transaction.TransactionalTestExecutionListener, org.springframework.test.context.jdbc.SqlScriptsTestExecutionListener, org.springframework.test.context.event.EventPublishingTestExecutionListener]
2020-10-06 14:12:52,154 INFO [Test worker] o.s.b.t.c.SpringBootTestContextBootstrapper [AbstractTestContextBootstrapper.java:177] Using TestExecutionListeners: [org.springframework.test.context.web.ServletTestExecutionListener@461f28, org.springframework.test.context.support.DirtiesContextBeforeModesTestExecutionListener@4f7260a7, org.springframework.boot.test.mock.mockito.MockitoTestExecutionListener@3028ddcb, org.springframework.boot.test.autoconfigure.SpringBootDependencyInjectionTestExecutionListener@16eaa8e2, org.springframework.test.context.support.DirtiesContextTestExecutionListener@26655a48, org.springframework.test.context.transaction.TransactionalTestExecutionListener@7ace617b, org.springframework.test.context.jdbc.SqlScriptsTestExecutionListener@cfe2d6c, org.springframework.test.context.event.EventPublishingTestExecutionListener@4f9029a9, org.springframework.boot.test.autoconfigure.restdocs.RestDocsTestExecutionListener@43ab8d09, org.springframework.boot.test.autoconfigure.web.client.MockRestServiceServerResetTestExecutionListener@4a67e9be, org.springframework.boot.test.autoconfigure.web.servlet.MockMvcPrintOnlyOnFailureTestExecutionListener@378f28d3, org.springframework.boot.test.autoconfigure.web.servlet.WebDriverTestExecutionListener@799c82ea, org.springframework.boot.test.autoconfigure.webservices.client.MockWebServiceServerTestExecutionListener@66c08b15, org.springframework.boot.test.mock.mockito.ResetMocksTestExecutionListener@131fa46a]
2020-10-06 14:12:52,614 INFO [Test worker] o.d.k.p.HomeApiTest [StartupInfoLogger.java:55] Starting HomeApiTest on lin01 with PID 19860 (started by student in /home/student/workspace/pages)
2020-10-06 14:12:52,617 INFO [Test worker] o.d.k.p.HomeApiTest [SpringApplication.java:651] No active profile set, falling back to default profiles: default
2020-10-06 14:12:54,814 INFO [Test worker] o.s.b.w.e.t.TomcatWebServer [TomcatWebServer.java:108] Tomcat initialized with port(s): 0 (http)
2020-10-06 14:12:54,833 INFO [Test worker] o.a.c.h.Http11NioProtocol [DirectJDKLog.java:173] Initializing ProtocolHandler ["http-nio-auto-1"]
2020-10-06 14:12:54,835 INFO [Test worker] o.a.c.c.StandardService [DirectJDKLog.java:173] Starting service [Tomcat]
2020-10-06 14:12:54,836 INFO [Test worker] o.a.c.c.StandardEngine [DirectJDKLog.java:173] Starting Servlet engine: [Apache Tomcat/9.0.36]
2020-10-06 14:12:54,941 INFO [Test worker] o.a.c.c.C.[.[.[/] [DirectJDKLog.java:173] Initializing Spring embedded WebApplicationContext
2020-10-06 14:12:54,942 INFO [Test worker] o.s.b.w.s.c.ServletWebServerApplicationContext [ServletWebServerApplicationContext.java:285] Root WebApplicationContext: initialization completed in 2303 ms
2020-10-06 14:12:55,574 INFO [Test worker] o.s.s.c.ThreadPoolTaskExecutor [ExecutorConfigurationSupport.java:181] Initializing ExecutorService 'applicationTaskExecutor'
2020-10-06 14:12:56,160 INFO [Test worker] o.s.b.a.e.w.EndpointLinksResolver [EndpointLinksResolver.java:58] Exposing 2 endpoint(s) beneath base path '/actuator'
2020-10-06 14:12:56,235 INFO [Test worker] o.a.c.h.Http11NioProtocol [DirectJDKLog.java:173] Starting ProtocolHandler ["http-nio-auto-1"]
2020-10-06 14:12:56,276 INFO [Test worker] o.s.b.w.e.t.TomcatWebServer [TomcatWebServer.java:220] Tomcat started on port(s): 35691 (http) with context path ''
2020-10-06 14:12:56,298 INFO [Test worker] o.d.k.p.HomeApiTest [StartupInfoLogger.java:61] Started HomeApiTest in 4.1 seconds (JVM running for 5.531)
2020-10-06 14:12:56,838 INFO [http-nio-auto-1-exec-1] o.a.c.c.C.[.[.[/] [DirectJDKLog.java:173] Initializing Spring DispatcherServlet 'dispatcherServlet'
2020-10-06 14:12:56,842 INFO [http-nio-auto-1-exec-1] o.s.w.s.DispatcherServlet [FrameworkServlet.java:525] Initializing Servlet 'dispatcherServlet'
2020-10-06 14:12:56,862 INFO [http-nio-auto-1-exec-1] o.s.w.s.DispatcherServlet [FrameworkServlet.java:547] Completed initialization in 19 ms
2020-10-06 14:12:57,025 INFO [http-nio-auto-1-exec-2] c.z.h.HikariDataSource [HikariDataSource.java:110] HikariPool-1 - Starting...
2020-10-06 14:12:57,197 INFO [http-nio-auto-1-exec-2] c.z.h.HikariDataSource [HikariDataSource.java:123] HikariPool-1 - Start completed.
2020-10-06 14:12:57,298 INFO [Test worker] o.s.b.t.c.SpringBootTestContextBootstrapper [AbstractTestContextBootstrapper.java:308] Neither @ContextConfiguration nor @ContextHierarchy found for test class [org.dell.kube.pagesapi.PageApiTest], using SpringBootContextLoader
2020-10-06 14:12:57,300 INFO [Test worker] o.s.t.c.s.AbstractContextLoader [AbstractContextLoader.java:264] Could not detect default resource locations for test class [org.dell.kube.pagesapi.PageApiTest]: no resource found for suffixes {-context.xml, Context.groovy}.
2020-10-06 14:12:57,303 INFO [Test worker] o.s.b.t.c.SpringBootTestContextBootstrapper [AbstractTestContextBootstrapper.java:248] Loaded default TestExecutionListener class names from location [META-INF/spring.factories]: [org.springframework.boot.test.autoconfigure.restdocs.RestDocsTestExecutionListener, org.springframework.boot.test.autoconfigure.web.client.MockRestServiceServerResetTestExecutionListener, org.springframework.boot.test.autoconfigure.web.servlet.MockMvcPrintOnlyOnFailureTestExecutionListener, org.springframework.boot.test.autoconfigure.web.servlet.WebDriverTestExecutionListener, org.springframework.boot.test.autoconfigure.webservices.client.MockWebServiceServerTestExecutionListener, org.springframework.boot.test.mock.mockito.MockitoTestExecutionListener, org.springframework.boot.test.mock.mockito.ResetMocksTestExecutionListener, org.springframework.test.context.web.ServletTestExecutionListener, org.springframework.test.context.support.DirtiesContextBeforeModesTestExecutionListener, org.springframework.test.context.support.DependencyInjectionTestExecutionListener, org.springframework.test.context.support.DirtiesContextTestExecutionListener, org.springframework.test.context.transaction.TransactionalTestExecutionListener, org.springframework.test.context.jdbc.SqlScriptsTestExecutionListener, org.springframework.test.context.event.EventPublishingTestExecutionListener]
2020-10-06 14:12:57,304 INFO [Test worker] o.s.b.t.c.SpringBootTestContextBootstrapper [AbstractTestContextBootstrapper.java:177] Using TestExecutionListeners: [org.springframework.test.context.web.ServletTestExecutionListener@518b4824, org.springframework.test.context.support.DirtiesContextBeforeModesTestExecutionListener@320c8aed, org.springframework.boot.test.mock.mockito.MockitoTestExecutionListener@69b59b00, org.springframework.boot.test.autoconfigure.SpringBootDependencyInjectionTestExecutionListener@3d8c03e3, org.springframework.test.context.support.DirtiesContextTestExecutionListener@364db61e, org.springframework.test.context.transaction.TransactionalTestExecutionListener@604019d8, org.springframework.test.context.jdbc.SqlScriptsTestExecutionListener@25e8f34b, org.springframework.test.context.event.EventPublishingTestExecutionListener@78a67f0e, org.springframework.boot.test.autoconfigure.restdocs.RestDocsTestExecutionListener@2380db42, org.springframework.boot.test.autoconfigure.web.client.MockRestServiceServerResetTestExecutionListener@43ee8833, org.springframework.boot.test.autoconfigure.web.servlet.MockMvcPrintOnlyOnFailureTestExecutionListener@21fe49ae, org.springframework.boot.test.autoconfigure.web.servlet.WebDriverTestExecutionListener@6a6b0c90, org.springframework.boot.test.autoconfigure.webservices.client.MockWebServiceServerTestExecutionListener@4f149054, org.springframework.boot.test.mock.mockito.ResetMocksTestExecutionListener@780c2695]
2020-10-06 14:12:57,477 INFO [http-nio-auto-1-exec-3] o.d.k.p.PageController [PageController.java:21] WRITE-INFO: 1
2020-10-06 14:12:57,495 INFO [http-nio-auto-1-exec-4] o.d.k.p.PageController [PageController.java:42] list method started.
2020-10-06 14:12:57,498 INFO [http-nio-auto-1-exec-4] o.d.k.p.PageController [PageController.java:44] update-INFO:Fetching page with id = 1
2020-10-06 14:12:57,612 INFO [http-nio-auto-1-exec-5] o.d.k.p.PageController [PageController.java:21] WRITE-INFO: 1
2020-10-06 14:12:57,632 INFO [http-nio-auto-1-exec-6] o.d.k.p.PageController [PageController.java:28] READ-INFO:Fetching page with id = 1
2020-10-06 14:12:57,698 INFO [http-nio-auto-1-exec-7] o.d.k.p.PageController [PageController.java:21] WRITE-INFO: 1
2020-10-06 14:12:57,785 INFO [http-nio-auto-1-exec-8] o.d.k.p.PageController [PageController.java:21] WRITE-INFO: 1
2020-10-06 14:12:57,804 INFO [http-nio-auto-1-exec-9] o.d.k.p.PageController [PageController.java:63] delete-info
2020-10-06 14:12:57,811 INFO [http-nio-auto-1-exec-10] o.d.k.p.PageController [PageController.java:28] READ-INFO:Fetching page with id = 1
2020-10-06 14:12:57,814 ERROR [http-nio-auto-1-exec-10] o.d.k.p.PageController [PageController.java:35] READ-ERROR:Could not find page with id = 1
2020-10-06 14:12:57,868 INFO [http-nio-auto-1-exec-1] o.d.k.p.PageController [PageController.java:21] WRITE-INFO: 1
2020-10-06 14:12:57,882 INFO [http-nio-auto-1-exec-2] o.d.k.p.PageController [PageController.java:52] Update-info:
2020-10-06 14:12:57,892 INFO [Test worker] o.s.b.t.c.SpringBootTestContextBootstrapper [AbstractTestContextBootstrapper.java:308] Neither @ContextConfiguration nor @ContextHierarchy found for test class [org.dell.kube.pages.MySqlPageRepositoryTest], using SpringBootContextLoader
2020-10-06 14:12:57,895 INFO [Test worker] o.s.t.c.s.AbstractContextLoader [AbstractContextLoader.java:264] Could not detect default resource locations for test class [org.dell.kube.pages.MySqlPageRepositoryTest]: no resource found for suffixes {-context.xml, Context.groovy}.
2020-10-06 14:12:57,896 INFO [Test worker] o.s.t.c.s.AnnotationConfigContextLoaderUtils [AnnotationConfigContextLoaderUtils.java:83] Could not detect default configuration classes for test class [org.dell.kube.pages.MySqlPageRepositoryTest]: MySqlPageRepositoryTest does not declare any static, non-private, non-final, nested classes annotated with @Configuration.
2020-10-06 14:12:57,903 INFO [Test worker] o.s.b.t.c.SpringBootTestContextBootstrapper [SpringBootTestContextBootstrapper.java:237] Found @SpringBootConfiguration org.dell.kube.pages.PageApplication for test class org.dell.kube.pages.MySqlPageRepositoryTest
2020-10-06 14:12:57,906 INFO [Test worker] o.s.b.t.c.SpringBootTestContextBootstrapper [AbstractTestContextBootstrapper.java:248] Loaded default TestExecutionListener class names from location [META-INF/spring.factories]: [org.springframework.boot.test.autoconfigure.restdocs.RestDocsTestExecutionListener, org.springframework.boot.test.autoconfigure.web.client.MockRestServiceServerResetTestExecutionListener, org.springframework.boot.test.autoconfigure.web.servlet.MockMvcPrintOnlyOnFailureTestExecutionListener, org.springframework.boot.test.autoconfigure.web.servlet.WebDriverTestExecutionListener, org.springframework.boot.test.autoconfigure.webservices.client.MockWebServiceServerTestExecutionListener, org.springframework.boot.test.mock.mockito.MockitoTestExecutionListener, org.springframework.boot.test.mock.mockito.ResetMocksTestExecutionListener, org.springframework.test.context.web.ServletTestExecutionListener, org.springframework.test.context.support.DirtiesContextBeforeModesTestExecutionListener, org.springframework.test.context.support.DependencyInjectionTestExecutionListener, org.springframework.test.context.support.DirtiesContextTestExecutionListener, org.springframework.test.context.transaction.TransactionalTestExecutionListener, org.springframework.test.context.jdbc.SqlScriptsTestExecutionListener, org.springframework.test.context.event.EventPublishingTestExecutionListener]
2020-10-06 14:12:57,906 INFO [Test worker] o.s.b.t.c.SpringBootTestContextBootstrapper [AbstractTestContextBootstrapper.java:177] Using TestExecutionListeners: [org.springframework.test.context.web.ServletTestExecutionListener@701c7b39, org.springframework.test.context.support.DirtiesContextBeforeModesTestExecutionListener@540d239, org.springframework.boot.test.mock.mockito.MockitoTestExecutionListener@8fc12dc, org.springframework.boot.test.autoconfigure.SpringBootDependencyInjectionTestExecutionListener@8337bd5, org.springframework.test.context.support.DirtiesContextTestExecutionListener@1b651c59, org.springframework.test.context.transaction.TransactionalTestExecutionListener@18b7d416, org.springframework.test.context.jdbc.SqlScriptsTestExecutionListener@70b54f2e, org.springframework.test.context.event.EventPublishingTestExecutionListener@634b7f3e, org.springframework.boot.test.autoconfigure.restdocs.RestDocsTestExecutionListener@50ff20da, org.springframework.boot.test.autoconfigure.web.client.MockRestServiceServerResetTestExecutionListener@764e59b7, org.springframework.boot.test.autoconfigure.web.servlet.MockMvcPrintOnlyOnFailureTestExecutionListener@2c58b46f, org.springframework.boot.test.autoconfigure.web.servlet.WebDriverTestExecutionListener@14d28c55, org.springframework.boot.test.autoconfigure.webservices.client.MockWebServiceServerTestExecutionListener@3d8287e5, org.springframework.boot.test.mock.mockito.ResetMocksTestExecutionListener@3985f203]
2020-10-06 14:12:57,938 INFO [Test worker] o.d.k.p.MySqlPageRepositoryTest [StartupInfoLogger.java:55] Starting MySqlPageRepositoryTest on lin01 with PID 19860 (started by student in /home/student/workspace/pages)
2020-10-06 14:12:57,938 INFO [Test worker] o.d.k.p.MySqlPageRepositoryTest [SpringApplication.java:651] No active profile set, falling back to default profiles: default
2020-10-06 14:12:59,039 INFO [Test worker] o.s.s.c.ThreadPoolTaskExecutor [ExecutorConfigurationSupport.java:181] Initializing ExecutorService 'applicationTaskExecutor'
2020-10-06 14:12:59,365 INFO [Test worker] o.s.b.a.e.w.EndpointLinksResolver [EndpointLinksResolver.java:58] Exposing 2 endpoint(s) beneath base path '/actuator'
2020-10-06 14:12:59,406 INFO [Test worker] o.d.k.p.MySqlPageRepositoryTest [StartupInfoLogger.java:61] Started MySqlPageRepositoryTest in 1.494 seconds (JVM running for 8.64)
2020-10-06 14:12:59,418 INFO [Test worker] c.z.h.HikariDataSource [HikariDataSource.java:110] HikariPool-2 - Starting...
2020-10-06 14:12:59,423 INFO [Test worker] c.z.h.HikariDataSource [HikariDataSource.java:123] HikariPool-2 - Start completed.
2020-10-06 14:12:59,762 INFO [Test worker] o.d.k.p.PageController [PageController.java:42] list method started.
2020-10-06 14:12:59,765 INFO [Test worker] o.d.k.p.PageController [PageController.java:44] update-INFO:Fetching page with id = 1
2020-10-06 14:12:59,782 INFO [Test worker] o.d.k.p.PageController [PageController.java:28] READ-INFO:Fetching page with id = 1
2020-10-06 14:12:59,785 INFO [Test worker] o.d.k.p.PageController [PageController.java:28] READ-INFO:Fetching page with id = 1
2020-10-06 14:12:59,786 ERROR [Test worker] o.d.k.p.PageController [PageController.java:35] READ-ERROR:Could not find page with id = 1
2020-10-06 14:12:59,791 ERROR [Test worker] o.d.k.p.PageController [PageController.java:56] Update-ERROR:Could not find page with id = 1
2020-10-06 14:12:59,802 INFO [Test worker] o.d.k.p.PageController [PageController.java:21] WRITE-INFO: 1
2020-10-06 14:12:59,807 INFO [Test worker] o.d.k.p.PageController [PageController.java:63] delete-info
2020-10-06 14:12:59,812 INFO [Test worker] o.d.k.p.PageController [PageController.java:52] Update-info:
2020-10-06 14:12:59,836 INFO [SpringContextShutdownHook] o.s.s.c.ThreadPoolTaskExecutor [ExecutorConfigurationSupport.java:218] Shutting down ExecutorService 'applicationTaskExecutor'
2020-10-06 14:12:59,842 INFO [SpringContextShutdownHook] c.z.h.HikariDataSource [HikariDataSource.java:350] HikariPool-2 - Shutdown initiated...
2020-10-06 14:12:59,889 INFO [SpringContextShutdownHook] o.s.s.c.ThreadPoolTaskExecutor [ExecutorConfigurationSupport.java:218] Shutting down ExecutorService 'applicationTaskExecutor'
2020-10-06 14:12:59,890 INFO [SpringContextShutdownHook] c.z.h.HikariDataSource [HikariDataSource.java:350] HikariPool-1 - Shutdown initiated...
2020-10-06 14:12:59,916 INFO [SpringContextShutdownHook] c.z.h.HikariDataSource [HikariDataSource.java:352] HikariPool-2 - Shutdown completed.
2020-10-06 14:12:59,929 INFO [SpringContextShutdownHook] c.z.h.HikariDataSource [HikariDataSource.java:352] HikariPool-1 - Shutdown completed.
2020-10-06 14:52:36,134 INFO [Test worker] o.s.b.t.c.SpringBootTestContextBootstrapper [AbstractTestContextBootstrapper.java:308] Neither @ContextConfiguration nor @ContextHierarchy found for test class [org.dell.kube.pagesapi.HomeApiTest], using SpringBootContextLoader
2020-10-06 14:52:36,143 INFO [Test worker] o.s.t.c.s.AbstractContextLoader [AbstractContextLoader.java:264] Could not detect default resource locations for test class [org.dell.kube.pagesapi.HomeApiTest]: no resource found for suffixes {-context.xml, Context.groovy}.
2020-10-06 14:52:36,328 INFO [Test worker] o.s.b.t.c.SpringBootTestContextBootstrapper [AbstractTestContextBootstrapper.java:248] Loaded default TestExecutionListener class names from location [META-INF/spring.factories]: [org.springframework.boot.test.autoconfigure.restdocs.RestDocsTestExecutionListener, org.springframework.boot.test.autoconfigure.web.client.MockRestServiceServerResetTestExecutionListener, org.springframework.boot.test.autoconfigure.web.servlet.MockMvcPrintOnlyOnFailureTestExecutionListener, org.springframework.boot.test.autoconfigure.web.servlet.WebDriverTestExecutionListener, org.springframework.boot.test.autoconfigure.webservices.client.MockWebServiceServerTestExecutionListener, org.springframework.boot.test.mock.mockito.MockitoTestExecutionListener, org.springframework.boot.test.mock.mockito.ResetMocksTestExecutionListener, org.springframework.test.context.web.ServletTestExecutionListener, org.springframework.test.context.support.DirtiesContextBeforeModesTestExecutionListener, org.springframework.test.context.support.DependencyInjectionTestExecutionListener, org.springframework.test.context.support.DirtiesContextTestExecutionListener, org.springframework.test.context.transaction.TransactionalTestExecutionListener, org.springframework.test.context.jdbc.SqlScriptsTestExecutionListener, org.springframework.test.context.event.EventPublishingTestExecutionListener]
2020-10-06 14:52:36,344 INFO [Test worker] o.s.b.t.c.SpringBootTestContextBootstrapper [AbstractTestContextBootstrapper.java:177] Using TestExecutionListeners: [org.springframework.test.context.web.ServletTestExecutionListener@67f0052a, org.springframework.test.context.support.DirtiesContextBeforeModesTestExecutionListener@7bf6fa99, org.springframework.boot.test.mock.mockito.MockitoTestExecutionListener@3484553, org.springframework.boot.test.autoconfigure.SpringBootDependencyInjectionTestExecutionListener@18651c25, org.springframework.test.context.support.DirtiesContextTestExecutionListener@7fdb9356, org.springframework.test.context.transaction.TransactionalTestExecutionListener@33b58c06, org.springframework.test.context.jdbc.SqlScriptsTestExecutionListener@721635fe, org.springframework.test.context.event.EventPublishingTestExecutionListener@42a29bad, org.springframework.boot.test.autoconfigure.restdocs.RestDocsTestExecutionListener@6140e18c, org.springframework.boot.test.autoconfigure.web.client.MockRestServiceServerResetTestExecutionListener@7e0a841e, org.springframework.boot.test.autoconfigure.web.servlet.MockMvcPrintOnlyOnFailureTestExecutionListener@3df0e7e4, org.springframework.boot.test.autoconfigure.web.servlet.WebDriverTestExecutionListener@6b597c04, org.springframework.boot.test.autoconfigure.webservices.client.MockWebServiceServerTestExecutionListener@d73bc62, org.springframework.boot.test.mock.mockito.ResetMocksTestExecutionListener@27f3e3a6]
2020-10-06 14:52:36,753 INFO [Test worker] o.d.k.p.HomeApiTest [StartupInfoLogger.java:55] Starting HomeApiTest on lin01 with PID 21257 (started by student in /home/student/workspace/pages)
2020-10-06 14:52:36,754 INFO [Test worker] o.d.k.p.HomeApiTest [SpringApplication.java:651] No active profile set, falling back to default profiles: default
2020-10-06 14:52:38,706 INFO [Test worker] o.s.b.w.e.t.TomcatWebServer [TomcatWebServer.java:108] Tomcat initialized with port(s): 0 (http)
2020-10-06 14:52:38,719 INFO [Test worker] o.a.c.h.Http11NioProtocol [DirectJDKLog.java:173] Initializing ProtocolHandler ["http-nio-auto-1"]
2020-10-06 14:52:38,720 INFO [Test worker] o.a.c.c.StandardService [DirectJDKLog.java:173] Starting service [Tomcat]
2020-10-06 14:52:38,721 INFO [Test worker] o.a.c.c.StandardEngine [DirectJDKLog.java:173] Starting Servlet engine: [Apache Tomcat/9.0.36]
2020-10-06 14:52:38,906 INFO [Test worker] o.a.c.c.C.[.[.[/] [DirectJDKLog.java:173] Initializing Spring embedded WebApplicationContext
2020-10-06 14:52:38,907 INFO [Test worker] o.s.b.w.s.c.ServletWebServerApplicationContext [ServletWebServerApplicationContext.java:285] Root WebApplicationContext: initialization completed in 2134 ms
2020-10-06 14:52:39,495 INFO [Test worker] o.s.s.c.ThreadPoolTaskExecutor [ExecutorConfigurationSupport.java:181] Initializing ExecutorService 'applicationTaskExecutor'
2020-10-06 14:52:40,071 INFO [Test worker] o.s.b.a.e.w.EndpointLinksResolver [EndpointLinksResolver.java:58] Exposing 2 endpoint(s) beneath base path '/actuator'
2020-10-06 14:52:40,152 INFO [Test worker] o.a.c.h.Http11NioProtocol [DirectJDKLog.java:173] Starting ProtocolHandler ["http-nio-auto-1"]
2020-10-06 14:52:40,204 INFO [Test worker] o.s.b.w.e.t.TomcatWebServer [TomcatWebServer.java:220] Tomcat started on port(s): 42005 (http) with context path ''
2020-10-06 14:52:40,229 INFO [Test worker] o.d.k.p.HomeApiTest [StartupInfoLogger.java:61] Started HomeApiTest in 3.844 seconds (JVM running for 5.17)
2020-10-06 14:52:40,687 INFO [http-nio-auto-1-exec-1] o.a.c.c.C.[.[.[/] [DirectJDKLog.java:173] Initializing Spring DispatcherServlet 'dispatcherServlet'
2020-10-06 14:52:40,688 INFO [http-nio-auto-1-exec-1] o.s.w.s.DispatcherServlet [FrameworkServlet.java:525] Initializing Servlet 'dispatcherServlet'
2020-10-06 14:52:40,712 INFO [http-nio-auto-1-exec-1] o.s.w.s.DispatcherServlet [FrameworkServlet.java:547] Completed initialization in 24 ms
2020-10-06 14:52:40,864 INFO [http-nio-auto-1-exec-2] c.z.h.HikariDataSource [HikariDataSource.java:110] HikariPool-1 - Starting...
2020-10-06 14:52:41,052 INFO [http-nio-auto-1-exec-2] c.z.h.HikariDataSource [HikariDataSource.java:123] HikariPool-1 - Start completed.
2020-10-06 14:52:41,150 INFO [Test worker] o.s.b.t.c.SpringBootTestContextBootstrapper [AbstractTestContextBootstrapper.java:308] Neither @ContextConfiguration nor @ContextHierarchy found for test class [org.dell.kube.pagesapi.PageApiTest], using SpringBootContextLoader
2020-10-06 14:52:41,152 INFO [Test worker] o.s.t.c.s.AbstractContextLoader [AbstractContextLoader.java:264] Could not detect default resource locations for test class [org.dell.kube.pagesapi.PageApiTest]: no resource found for suffixes {-context.xml, Context.groovy}.
2020-10-06 14:52:41,160 INFO [Test worker] o.s.b.t.c.SpringBootTestContextBootstrapper [AbstractTestContextBootstrapper.java:248] Loaded default TestExecutionListener class names from location [META-INF/spring.factories]: [org.springframework.boot.test.autoconfigure.restdocs.RestDocsTestExecutionListener, org.springframework.boot.test.autoconfigure.web.client.MockRestServiceServerResetTestExecutionListener, org.springframework.boot.test.autoconfigure.web.servlet.MockMvcPrintOnlyOnFailureTestExecutionListener, org.springframework.boot.test.autoconfigure.web.servlet.WebDriverTestExecutionListener, org.springframework.boot.test.autoconfigure.webservices.client.MockWebServiceServerTestExecutionListener, org.springframework.boot.test.mock.mockito.MockitoTestExecutionListener, org.springframework.boot.test.mock.mockito.ResetMocksTestExecutionListener, org.springframework.test.context.web.ServletTestExecutionListener, org.springframework.test.context.support.DirtiesContextBeforeModesTestExecutionListener, org.springframework.test.context.support.DependencyInjectionTestExecutionListener, org.springframework.test.context.support.DirtiesContextTestExecutionListener, org.springframework.test.context.transaction.TransactionalTestExecutionListener, org.springframework.test.context.jdbc.SqlScriptsTestExecutionListener, org.springframework.test.context.event.EventPublishingTestExecutionListener]
2020-10-06 14:52:41,162 INFO [Test worker] o.s.b.t.c.SpringBootTestContextBootstrapper [AbstractTestContextBootstrapper.java:177] Using TestExecutionListeners: [org.springframework.test.context.web.ServletTestExecutionListener@1414157c, org.springframework.test.context.support.DirtiesContextBeforeModesTestExecutionListener@737502b6, org.springframework.boot.test.mock.mockito.MockitoTestExecutionListener@659c6fa4, org.springframework.boot.test.autoconfigure.SpringBootDependencyInjectionTestExecutionListener@1d3b20db, org.springframework.test.context.support.DirtiesContextTestExecutionListener@29b069f5, org.springframework.test.context.transaction.TransactionalTestExecutionListener@720bbec7, org.springframework.test.context.jdbc.SqlScriptsTestExecutionListener@746c0e6d, org.springframework.test.context.event.EventPublishingTestExecutionListener@3095c5c3, org.springframework.boot.test.autoconfigure.restdocs.RestDocsTestExecutionListener@1ac0ede5, org.springframework.boot.test.autoconfigure.web.client.MockRestServiceServerResetTestExecutionListener@359295fc, org.springframework.boot.test.autoconfigure.web.servlet.MockMvcPrintOnlyOnFailureTestExecutionListener@2199fa45, org.springframework.boot.test.autoconfigure.web.servlet.WebDriverTestExecutionListener@3f3c8868, org.springframework.boot.test.autoconfigure.webservices.client.MockWebServiceServerTestExecutionListener@228ef5af, org.springframework.boot.test.mock.mockito.ResetMocksTestExecutionListener@392a977]
2020-10-06 14:52:41,355 INFO [http-nio-auto-1-exec-3] o.d.k.p.PageController [PageController.java:21] WRITE-INFO: 1
2020-10-06 14:52:41,367 INFO [http-nio-auto-1-exec-4] o.d.k.p.PageController [PageController.java:42] list method started.
2020-10-06 14:52:41,370 INFO [http-nio-auto-1-exec-4] o.d.k.p.PageController [PageController.java:44] update-INFO:Fetching page with id = 1
2020-10-06 14:52:41,476 INFO [http-nio-auto-1-exec-5] o.d.k.p.PageController [PageController.java:21] WRITE-INFO: 1
2020-10-06 14:52:41,489 INFO [http-nio-auto-1-exec-5] o.d.k.p.PageController [PageController.java:28] READ-INFO:Fetching page with id = 1
2020-10-06 14:52:41,543 INFO [http-nio-auto-1-exec-7] o.d.k.p.PageController [PageController.java:21] WRITE-INFO: 1
2020-10-06 14:52:41,600 INFO [http-nio-auto-1-exec-8] o.d.k.p.PageController [PageController.java:21] WRITE-INFO: 1
2020-10-06 14:52:41,613 INFO [http-nio-auto-1-exec-9] o.d.k.p.PageController [PageController.java:63] delete-info
2020-10-06 14:52:41,620 INFO [http-nio-auto-1-exec-10] o.d.k.p.PageController [PageController.java:28] READ-INFO:Fetching page with id = 1
2020-10-06 14:52:41,622 ERROR [http-nio-auto-1-exec-10] o.d.k.p.PageController [PageController.java:35] READ-ERROR:Could not find page with id = 1
2020-10-06 14:52:41,676 INFO [http-nio-auto-1-exec-1] o.d.k.p.PageController [PageController.java:21] WRITE-INFO: 1
2020-10-06 14:52:41,690 INFO [http-nio-auto-1-exec-2] o.d.k.p.PageController [PageController.java:52] Update-info:
2020-10-06 14:52:41,697 INFO [Test worker] o.s.b.t.c.SpringBootTestContextBootstrapper [AbstractTestContextBootstrapper.java:308] Neither @ContextConfiguration nor @ContextHierarchy found for test class [org.dell.kube.pages.MySqlPageRepositoryTest], using SpringBootContextLoader
2020-10-06 14:52:41,698 INFO [Test worker] o.s.t.c.s.AbstractContextLoader [AbstractContextLoader.java:264] Could not detect default resource locations for test class [org.dell.kube.pages.MySqlPageRepositoryTest]: no resource found for suffixes {-context.xml, Context.groovy}.
2020-10-06 14:52:41,699 INFO [Test worker] o.s.t.c.s.AnnotationConfigContextLoaderUtils [AnnotationConfigContextLoaderUtils.java:83] Could not detect default configuration classes for test class [org.dell.kube.pages.MySqlPageRepositoryTest]: MySqlPageRepositoryTest does not declare any static, non-private, non-final, nested classes annotated with @Configuration.
2020-10-06 14:52:41,706 INFO [Test worker] o.s.b.t.c.SpringBootTestContextBootstrapper [SpringBootTestContextBootstrapper.java:237] Found @SpringBootConfiguration org.dell.kube.pages.PageApplication for test class org.dell.kube.pages.MySqlPageRepositoryTest
2020-10-06 14:52:41,708 INFO [Test worker] o.s.b.t.c.SpringBootTestContextBootstrapper [AbstractTestContextBootstrapper.java:248] Loaded default TestExecutionListener class names from location [META-INF/spring.factories]: [org.springframework.boot.test.autoconfigure.restdocs.RestDocsTestExecutionListener, org.springframework.boot.test.autoconfigure.web.client.MockRestServiceServerResetTestExecutionListener, org.springframework.boot.test.autoconfigure.web.servlet.MockMvcPrintOnlyOnFailureTestExecutionListener, org.springframework.boot.test.autoconfigure.web.servlet.WebDriverTestExecutionListener, org.springframework.boot.test.autoconfigure.webservices.client.MockWebServiceServerTestExecutionListener, org.springframework.boot.test.mock.mockito.MockitoTestExecutionListener, org.springframework.boot.test.mock.mockito.ResetMocksTestExecutionListener, org.springframework.test.context.web.ServletTestExecutionListener, org.springframework.test.context.support.DirtiesContextBeforeModesTestExecutionListener, org.springframework.test.context.support.DependencyInjectionTestExecutionListener, org.springframework.test.context.support.DirtiesContextTestExecutionListener, org.springframework.test.context.transaction.TransactionalTestExecutionListener, org.springframework.test.context.jdbc.SqlScriptsTestExecutionListener, org.springframework.test.context.event.EventPublishingTestExecutionListener]
2020-10-06 14:52:41,710 INFO [Test worker] o.s.b.t.c.SpringBootTestContextBootstrapper [AbstractTestContextBootstrapper.java:177] Using TestExecutionListeners: [org.springframework.test.context.web.ServletTestExecutionListener@170ae7f, org.springframework.test.context.support.DirtiesContextBeforeModesTestExecutionListener@35ea034b, org.springframework.boot.test.mock.mockito.MockitoTestExecutionListener@1f66c272, org.springframework.boot.test.autoconfigure.SpringBootDependencyInjectionTestExecutionListener@6af5195d, org.springframework.test.context.support.DirtiesContextTestExecutionListener@6ef2412a, org.springframework.test.context.transaction.TransactionalTestExecutionListener@be7e7e4, org.springframework.test.context.jdbc.SqlScriptsTestExecutionListener@22bbd1b8, org.springframework.test.context.event.EventPublishingTestExecutionListener@60460b43, org.springframework.boot.test.autoconfigure.restdocs.RestDocsTestExecutionListener@1c41ed70, org.springframework.boot.test.autoconfigure.web.client.MockRestServiceServerResetTestExecutionListener@282de1db, org.springframework.boot.test.autoconfigure.web.servlet.MockMvcPrintOnlyOnFailureTestExecutionListener@5467c377, org.springframework.boot.test.autoconfigure.web.servlet.WebDriverTestExecutionListener@42bc6ab, org.springframework.boot.test.autoconfigure.webservices.client.MockWebServiceServerTestExecutionListener@17928133, org.springframework.boot.test.mock.mockito.ResetMocksTestExecutionListener@50f68923]
2020-10-06 14:52:41,745 INFO [Test worker] o.d.k.p.MySqlPageRepositoryTest [StartupInfoLogger.java:55] Starting MySqlPageRepositoryTest on lin01 with PID 21257 (started by student in /home/student/workspace/pages)
2020-10-06 14:52:41,745 INFO [Test worker] o.d.k.p.MySqlPageRepositoryTest [SpringApplication.java:651] No active profile set, falling back to default profiles: default
2020-10-06 14:52:42,656 INFO [Test worker] o.s.s.c.ThreadPoolTaskExecutor [ExecutorConfigurationSupport.java:181] Initializing ExecutorService 'applicationTaskExecutor'
2020-10-06 14:52:42,998 INFO [Test worker] o.s.b.a.e.w.EndpointLinksResolver [EndpointLinksResolver.java:58] Exposing 2 endpoint(s) beneath base path '/actuator'
2020-10-06 14:52:43,040 INFO [Test worker] o.d.k.p.MySqlPageRepositoryTest [StartupInfoLogger.java:61] Started MySqlPageRepositoryTest in 1.323 seconds (JVM running for 7.981)
2020-10-06 14:52:43,053 INFO [Test worker] c.z.h.HikariDataSource [HikariDataSource.java:110] HikariPool-2 - Starting...
2020-10-06 14:52:43,060 INFO [Test worker] c.z.h.HikariDataSource [HikariDataSource.java:123] HikariPool-2 - Start completed.
2020-10-06 14:52:43,389 INFO [Test worker] o.d.k.p.PageController [PageController.java:42] list method started.
2020-10-06 14:52:43,393 INFO [Test worker] o.d.k.p.PageController [PageController.java:44] update-INFO:Fetching page with id = 1
2020-10-06 14:52:43,411 INFO [Test worker] o.d.k.p.PageController [PageController.java:28] READ-INFO:Fetching page with id = 1
2020-10-06 14:52:43,415 INFO [Test worker] o.d.k.p.PageController [PageController.java:28] READ-INFO:Fetching page with id = 1
2020-10-06 14:52:43,415 ERROR [Test worker] o.d.k.p.PageController [PageController.java:35] READ-ERROR:Could not find page with id = 1
2020-10-06 14:52:43,419 ERROR [Test worker] o.d.k.p.PageController [PageController.java:56] Update-ERROR:Could not find page with id = 1
2020-10-06 14:52:43,425 INFO [Test worker] o.d.k.p.PageController [PageController.java:21] WRITE-INFO: 1
2020-10-06 14:52:43,428 INFO [Test worker] o.d.k.p.PageController [PageController.java:63] delete-info
2020-10-06 14:52:43,433 INFO [Test worker] o.d.k.p.PageController [PageController.java:52] Update-info:
2020-10-06 14:52:43,465 INFO [SpringContextShutdownHook] o.s.s.c.ThreadPoolTaskExecutor [ExecutorConfigurationSupport.java:218] Shutting down ExecutorService 'applicationTaskExecutor'
2020-10-06 14:52:43,472 INFO [SpringContextShutdownHook] c.z.h.HikariDataSource [HikariDataSource.java:350] HikariPool-2 - Shutdown initiated...
2020-10-06 14:52:43,520 INFO [SpringContextShutdownHook] o.s.s.c.ThreadPoolTaskExecutor [ExecutorConfigurationSupport.java:218] Shutting down ExecutorService 'applicationTaskExecutor'
2020-10-06 14:52:43,520 INFO [SpringContextShutdownHook] c.z.h.HikariDataSource [HikariDataSource.java:350] HikariPool-1 - Shutdown initiated...
2020-10-06 14:52:43,578 INFO [SpringContextShutdownHook] c.z.h.HikariDataSource [HikariDataSource.java:352] HikariPool-2 - Shutdown completed.
2020-10-06 14:52:43,580 INFO [SpringContextShutdownHook] c.z.h.HikariDataSource [HikariDataSource.java:352] HikariPool-1 - Shutdown completed.
2020-10-07 03:31:22,367 INFO [Test worker] o.s.b.t.c.SpringBootTestContextBootstrapper [AbstractTestContextBootstrapper.java:308] Neither @ContextConfiguration nor @ContextHierarchy found for test class [org.dell.kube.pagesapi.HomeApiTest], using SpringBootContextLoader
2020-10-07 03:31:22,377 INFO [Test worker] o.s.t.c.s.AbstractContextLoader [AbstractContextLoader.java:264] Could not detect default resource locations for test class [org.dell.kube.pagesapi.HomeApiTest]: no resource found for suffixes {-context.xml, Context.groovy}.
2020-10-07 03:31:22,564 INFO [Test worker] o.s.b.t.c.SpringBootTestContextBootstrapper [AbstractTestContextBootstrapper.java:248] Loaded default TestExecutionListener class names from location [META-INF/spring.factories]: [org.springframework.boot.test.autoconfigure.restdocs.RestDocsTestExecutionListener, org.springframework.boot.test.autoconfigure.web.client.MockRestServiceServerResetTestExecutionListener, org.springframework.boot.test.autoconfigure.web.servlet.MockMvcPrintOnlyOnFailureTestExecutionListener, org.springframework.boot.test.autoconfigure.web.servlet.WebDriverTestExecutionListener, org.springframework.boot.test.autoconfigure.webservices.client.MockWebServiceServerTestExecutionListener, org.springframework.boot.test.mock.mockito.MockitoTestExecutionListener, org.springframework.boot.test.mock.mockito.ResetMocksTestExecutionListener, org.springframework.test.context.web.ServletTestExecutionListener, org.springframework.test.context.support.DirtiesContextBeforeModesTestExecutionListener, org.springframework.test.context.support.DependencyInjectionTestExecutionListener, org.springframework.test.context.support.DirtiesContextTestExecutionListener, org.springframework.test.context.transaction.TransactionalTestExecutionListener, org.springframework.test.context.jdbc.SqlScriptsTestExecutionListener, org.springframework.test.context.event.EventPublishingTestExecutionListener]
2020-10-07 03:31:22,581 INFO [Test worker] o.s.b.t.c.SpringBootTestContextBootstrapper [AbstractTestContextBootstrapper.java:177] Using TestExecutionListeners: [org.springframework.test.context.web.ServletTestExecutionListener@73c88181, org.springframework.test.context.support.DirtiesContextBeforeModesTestExecutionListener@3e163ee6, org.springframework.boot.test.mock.mockito.MockitoTestExecutionListener@51951b9f, org.springframework.boot.test.autoconfigure.SpringBootDependencyInjectionTestExecutionListener@aee3c95, org.springframework.test.context.support.DirtiesContextTestExecutionListener@3d1d60c0, org.springframework.test.context.transaction.TransactionalTestExecutionListener@3273988b, org.springframework.test.context.jdbc.SqlScriptsTestExecutionListener@4bc334b9, org.springframework.test.context.event.EventPublishingTestExecutionListener@3032b3c0, org.springframework.boot.test.autoconfigure.restdocs.RestDocsTestExecutionListener@667fce66, org.springframework.boot.test.autoconfigure.web.client.MockRestServiceServerResetTestExecutionListener@4866b5e2, org.springframework.boot.test.autoconfigure.web.servlet.MockMvcPrintOnlyOnFailureTestExecutionListener@1ad236ab, org.springframework.boot.test.autoconfigure.web.servlet.WebDriverTestExecutionListener@3fdb2a82, org.springframework.boot.test.autoconfigure.webservices.client.MockWebServiceServerTestExecutionListener@274fcfe1, org.springframework.boot.test.mock.mockito.ResetMocksTestExecutionListener@5a7ba74f]
2020-10-07 03:31:22,987 INFO [Test worker] o.d.k.p.HomeApiTest [StartupInfoLogger.java:55] Starting HomeApiTest on lin01 with PID 4967 (started by student in /home/student/workspace/pages)
2020-10-07 03:31:22,988 INFO [Test worker] o.d.k.p.HomeApiTest [SpringApplication.java:651] No active profile set, falling back to default profiles: default
2020-10-07 03:31:25,077 INFO [Test worker] o.s.b.w.e.t.TomcatWebServer [TomcatWebServer.java:108] Tomcat initialized with port(s): 0 (http)
2020-10-07 03:31:25,090 INFO [Test worker] o.a.c.h.Http11NioProtocol [DirectJDKLog.java:173] Initializing ProtocolHandler ["http-nio-auto-1"]
2020-10-07 03:31:25,091 INFO [Test worker] o.a.c.c.StandardService [DirectJDKLog.java:173] Starting service [Tomcat]
2020-10-07 03:31:25,092 INFO [Test worker] o.a.c.c.StandardEngine [DirectJDKLog.java:173] Starting Servlet engine: [Apache Tomcat/9.0.36]
2020-10-07 03:31:25,189 INFO [Test worker] o.a.c.c.C.[.[.[/] [DirectJDKLog.java:173] Initializing Spring embedded WebApplicationContext
2020-10-07 03:31:25,190 INFO [Test worker] o.s.b.w.s.c.ServletWebServerApplicationContext [ServletWebServerApplicationContext.java:285] Root WebApplicationContext: initialization completed in 2181 ms
2020-10-07 03:31:25,855 INFO [Test worker] o.s.s.c.ThreadPoolTaskExecutor [ExecutorConfigurationSupport.java:181] Initializing ExecutorService 'applicationTaskExecutor'
2020-10-07 03:31:26,416 INFO [Test worker] o.s.b.a.e.w.EndpointLinksResolver [EndpointLinksResolver.java:58] Exposing 2 endpoint(s) beneath base path '/actuator'
2020-10-07 03:31:26,487 INFO [Test worker] o.a.c.h.Http11NioProtocol [DirectJDKLog.java:173] Starting ProtocolHandler ["http-nio-auto-1"]
2020-10-07 03:31:26,520 INFO [Test worker] o.s.b.w.e.t.TomcatWebServer [TomcatWebServer.java:220] Tomcat started on port(s): 37721 (http) with context path ''
2020-10-07 03:31:26,541 INFO [Test worker] o.d.k.p.HomeApiTest [StartupInfoLogger.java:61] Started HomeApiTest in 3.915 seconds (JVM running for 5.281)
2020-10-07 03:31:27,006 INFO [http-nio-auto-1-exec-1] o.a.c.c.C.[.[.[/] [DirectJDKLog.java:173] Initializing Spring DispatcherServlet 'dispatcherServlet'
2020-10-07 03:31:27,012 INFO [http-nio-auto-1-exec-1] o.s.w.s.DispatcherServlet [FrameworkServlet.java:525] Initializing Servlet 'dispatcherServlet'
2020-10-07 03:31:27,036 INFO [http-nio-auto-1-exec-1] o.s.w.s.DispatcherServlet [FrameworkServlet.java:547] Completed initialization in 23 ms
2020-10-07 03:31:27,204 INFO [http-nio-auto-1-exec-2] c.z.h.HikariDataSource [HikariDataSource.java:110] HikariPool-1 - Starting...
2020-10-07 03:31:27,373 INFO [http-nio-auto-1-exec-2] c.z.h.HikariDataSource [HikariDataSource.java:123] HikariPool-1 - Start completed.
2020-10-07 03:31:27,469 INFO [Test worker] o.s.b.t.c.SpringBootTestContextBootstrapper [AbstractTestContextBootstrapper.java:308] Neither @ContextConfiguration nor @ContextHierarchy found for test class [org.dell.kube.pagesapi.PageApiTest], using SpringBootContextLoader
2020-10-07 03:31:27,473 INFO [Test worker] o.s.t.c.s.AbstractContextLoader [AbstractContextLoader.java:264] Could not detect default resource locations for test class [org.dell.kube.pagesapi.PageApiTest]: no resource found for suffixes {-context.xml, Context.groovy}.
2020-10-07 03:31:27,476 INFO [Test worker] o.s.b.t.c.SpringBootTestContextBootstrapper [AbstractTestContextBootstrapper.java:248] Loaded default TestExecutionListener class names from location [META-INF/spring.factories]: [org.springframework.boot.test.autoconfigure.restdocs.RestDocsTestExecutionListener, org.springframework.boot.test.autoconfigure.web.client.MockRestServiceServerResetTestExecutionListener, org.springframework.boot.test.autoconfigure.web.servlet.MockMvcPrintOnlyOnFailureTestExecutionListener, org.springframework.boot.test.autoconfigure.web.servlet.WebDriverTestExecutionListener, org.springframework.boot.test.autoconfigure.webservices.client.MockWebServiceServerTestExecutionListener, org.springframework.boot.test.mock.mockito.MockitoTestExecutionListener, org.springframework.boot.test.mock.mockito.ResetMocksTestExecutionListener, org.springframework.test.context.web.ServletTestExecutionListener, org.springframework.test.context.support.DirtiesContextBeforeModesTestExecutionListener, org.springframework.test.context.support.DependencyInjectionTestExecutionListener, org.springframework.test.context.support.DirtiesContextTestExecutionListener, org.springframework.test.context.transaction.TransactionalTestExecutionListener, org.springframework.test.context.jdbc.SqlScriptsTestExecutionListener, org.springframework.test.context.event.EventPublishingTestExecutionListener]
2020-10-07 03:31:27,477 INFO [Test worker] o.s.b.t.c.SpringBootTestContextBootstrapper [AbstractTestContextBootstrapper.java:177] Using TestExecutionListeners: [org.springframework.test.context.web.ServletTestExecutionListener@68c7c99a, org.springframework.test.context.support.DirtiesContextBeforeModesTestExecutionListener@6b22a5ab, org.springframework.boot.test.mock.mockito.MockitoTestExecutionListener@5e1b1447, org.springframework.boot.test.autoconfigure.SpringBootDependencyInjectionTestExecutionListener@7c75c758, org.springframework.test.context.support.DirtiesContextTestExecutionListener@2a285a55, org.springframework.test.context.transaction.TransactionalTestExecutionListener@54d9bd46, org.springframework.test.context.jdbc.SqlScriptsTestExecutionListener@52e622b6, org.springframework.test.context.event.EventPublishingTestExecutionListener@7b70b5, org.springframework.boot.test.autoconfigure.restdocs.RestDocsTestExecutionListener@6869781d, org.springframework.boot.test.autoconfigure.web.client.MockRestServiceServerResetTestExecutionListener@71c3dbdb, org.springframework.boot.test.autoconfigure.web.servlet.MockMvcPrintOnlyOnFailureTestExecutionListener@12d3b4c7, org.springframework.boot.test.autoconfigure.web.servlet.WebDriverTestExecutionListener@49f680f0, org.springframework.boot.test.autoconfigure.webservices.client.MockWebServiceServerTestExecutionListener@6afcb043, org.springframework.boot.test.mock.mockito.ResetMocksTestExecutionListener@58eb3c4]
2020-10-07 03:31:27,674 INFO [http-nio-auto-1-exec-3] o.d.k.p.PageController [PageController.java:21] WRITE-INFO: 1
2020-10-07 03:31:27,687 INFO [http-nio-auto-1-exec-4] o.d.k.p.PageController [PageController.java:42] list method started.
2020-10-07 03:31:27,690 INFO [http-nio-auto-1-exec-4] o.d.k.p.PageController [PageController.java:44] update-INFO:Fetching page with id = 1
2020-10-07 03:31:27,809 INFO [http-nio-auto-1-exec-5] o.d.k.p.PageController [PageController.java:21] WRITE-INFO: 1
2020-10-07 03:31:27,825 INFO [http-nio-auto-1-exec-6] o.d.k.p.PageController [PageController.java:28] READ-INFO:Fetching page with id = 1
2020-10-07 03:31:27,887 INFO [http-nio-auto-1-exec-7] o.d.k.p.PageController [PageController.java:21] WRITE-INFO: 1
2020-10-07 03:31:27,953 INFO [http-nio-auto-1-exec-8] o.d.k.p.PageController [PageController.java:21] WRITE-INFO: 1
2020-10-07 03:31:27,966 INFO [http-nio-auto-1-exec-9] o.d.k.p.PageController [PageController.java:63] delete-info
2020-10-07 03:31:27,973 INFO [http-nio-auto-1-exec-9] o.d.k.p.PageController [PageController.java:28] READ-INFO:Fetching page with id = 1
2020-10-07 03:31:27,983 ERROR [http-nio-auto-1-exec-9] o.d.k.p.PageController [PageController.java:35] READ-ERROR:Could not find page with id = 1
2020-10-07 03:31:28,044 INFO [http-nio-auto-1-exec-10] o.d.k.p.PageController [PageController.java:21] WRITE-INFO: 1
2020-10-07 03:31:28,058 INFO [http-nio-auto-1-exec-1] o.d.k.p.PageController [PageController.java:52] Update-info:
2020-10-07 03:31:28,067 INFO [Test worker] o.s.b.t.c.SpringBootTestContextBootstrapper [AbstractTestContextBootstrapper.java:308] Neither @ContextConfiguration nor @ContextHierarchy found for test class [org.dell.kube.pages.MySqlPageRepositoryTest], using SpringBootContextLoader
2020-10-07 03:31:28,068 INFO [Test worker] o.s.t.c.s.AbstractContextLoader [AbstractContextLoader.java:264] Could not detect default resource locations for test class [org.dell.kube.pages.MySqlPageRepositoryTest]: no resource found for suffixes {-context.xml, Context.groovy}.
2020-10-07 03:31:28,069 INFO [Test worker] o.s.t.c.s.AnnotationConfigContextLoaderUtils [AnnotationConfigContextLoaderUtils.java:83] Could not detect default configuration classes for test class [org.dell.kube.pages.MySqlPageRepositoryTest]: MySqlPageRepositoryTest does not declare any static, non-private, non-final, nested classes annotated with @Configuration.
2020-10-07 03:31:28,075 INFO [Test worker] o.s.b.t.c.SpringBootTestContextBootstrapper [SpringBootTestContextBootstrapper.java:237] Found @SpringBootConfiguration org.dell.kube.pages.PageApplication for test class org.dell.kube.pages.MySqlPageRepositoryTest
2020-10-07 03:31:28,077 INFO [Test worker] o.s.b.t.c.SpringBootTestContextBootstrapper [AbstractTestContextBootstrapper.java:248] Loaded default TestExecutionListener class names from location [META-INF/spring.factories]: [org.springframework.boot.test.autoconfigure.restdocs.RestDocsTestExecutionListener, org.springframework.boot.test.autoconfigure.web.client.MockRestServiceServerResetTestExecutionListener, org.springframework.boot.test.autoconfigure.web.servlet.MockMvcPrintOnlyOnFailureTestExecutionListener, org.springframework.boot.test.autoconfigure.web.servlet.WebDriverTestExecutionListener, org.springframework.boot.test.autoconfigure.webservices.client.MockWebServiceServerTestExecutionListener, org.springframework.boot.test.mock.mockito.MockitoTestExecutionListener, org.springframework.boot.test.mock.mockito.ResetMocksTestExecutionListener, org.springframework.test.context.web.ServletTestExecutionListener, org.springframework.test.context.support.DirtiesContextBeforeModesTestExecutionListener, org.springframework.test.context.support.DependencyInjectionTestExecutionListener, org.springframework.test.context.support.DirtiesContextTestExecutionListener, org.springframework.test.context.transaction.TransactionalTestExecutionListener, org.springframework.test.context.jdbc.SqlScriptsTestExecutionListener, org.springframework.test.context.event.EventPublishingTestExecutionListener]
2020-10-07 03:31:28,078 INFO [Test worker] o.s.b.t.c.SpringBootTestContextBootstrapper [AbstractTestContextBootstrapper.java:177] Using TestExecutionListeners: [org.springframework.test.context.web.ServletTestExecutionListener@32ef9bbd, org.springframework.test.context.support.DirtiesContextBeforeModesTestExecutionListener@61c646cb, org.springframework.boot.test.mock.mockito.MockitoTestExecutionListener@3dc8b73f, org.springframework.boot.test.autoconfigure.SpringBootDependencyInjectionTestExecutionListener@7001f2fd, org.springframework.test.context.support.DirtiesContextTestExecutionListener@3e7dbd33, org.springframework.test.context.transaction.TransactionalTestExecutionListener@6dde5429, org.springframework.test.context.jdbc.SqlScriptsTestExecutionListener@15d767e2, org.springframework.test.context.event.EventPublishingTestExecutionListener@6a3ee9bf, org.springframework.boot.test.autoconfigure.restdocs.RestDocsTestExecutionListener@397955ee, org.springframework.boot.test.autoconfigure.web.client.MockRestServiceServerResetTestExecutionListener@269921f4, org.springframework.boot.test.autoconfigure.web.servlet.MockMvcPrintOnlyOnFailureTestExecutionListener@8dfbab2, org.springframework.boot.test.autoconfigure.web.servlet.WebDriverTestExecutionListener@1531c907, org.springframework.boot.test.autoconfigure.webservices.client.MockWebServiceServerTestExecutionListener@6694386a, org.springframework.boot.test.mock.mockito.ResetMocksTestExecutionListener@9ed23cd]
2020-10-07 03:31:28,110 INFO [Test worker] o.d.k.p.MySqlPageRepositoryTest [StartupInfoLogger.java:55] Starting MySqlPageRepositoryTest on lin01 with PID 4967 (started by student in /home/student/workspace/pages)
2020-10-07 03:31:28,111 INFO [Test worker] o.d.k.p.MySqlPageRepositoryTest [SpringApplication.java:651] No active profile set, falling back to default profiles: default
2020-10-07 03:31:28,896 INFO [Test worker] o.s.s.c.ThreadPoolTaskExecutor [ExecutorConfigurationSupport.java:181] Initializing ExecutorService 'applicationTaskExecutor'
2020-10-07 03:31:29,253 INFO [Test worker] o.s.b.a.e.w.EndpointLinksResolver [EndpointLinksResolver.java:58] Exposing 2 endpoint(s) beneath base path '/actuator'
2020-10-07 03:31:29,298 INFO [Test worker] o.d.k.p.MySqlPageRepositoryTest [StartupInfoLogger.java:61] Started MySqlPageRepositoryTest in 1.214 seconds (JVM running for 8.038)
2020-10-07 03:31:29,309 INFO [Test worker] c.z.h.HikariDataSource [HikariDataSource.java:110] HikariPool-2 - Starting...
2020-10-07 03:31:29,315 INFO [Test worker] c.z.h.HikariDataSource [HikariDataSource.java:123] HikariPool-2 - Start completed.
2020-10-07 03:31:29,646 INFO [Test worker] o.d.k.p.PageController [PageController.java:42] list method started.
2020-10-07 03:31:29,649 INFO [Test worker] o.d.k.p.PageController [PageController.java:44] update-INFO:Fetching page with id = 1
2020-10-07 03:31:29,663 INFO [Test worker] o.d.k.p.PageController [PageController.java:28] READ-INFO:Fetching page with id = 1
2020-10-07 03:31:29,666 INFO [Test worker] o.d.k.p.PageController [PageController.java:28] READ-INFO:Fetching page with id = 1
2020-10-07 03:31:29,666 ERROR [Test worker] o.d.k.p.PageController [PageController.java:35] READ-ERROR:Could not find page with id = 1
2020-10-07 03:31:29,671 ERROR [Test worker] o.d.k.p.PageController [PageController.java:56] Update-ERROR:Could not find page with id = 1
2020-10-07 03:31:29,675 INFO [Test worker] o.d.k.p.PageController [PageController.java:21] WRITE-INFO: 1
2020-10-07 03:31:29,678 INFO [Test worker] o.d.k.p.PageController [PageController.java:63] delete-info
2020-10-07 03:31:29,684 INFO [Test worker] o.d.k.p.PageController [PageController.java:52] Update-info:
2020-10-07 03:31:29,711 INFO [SpringContextShutdownHook] o.s.s.c.ThreadPoolTaskExecutor [ExecutorConfigurationSupport.java:218] Shutting down ExecutorService 'applicationTaskExecutor'
2020-10-07 03:31:29,730 INFO [SpringContextShutdownHook] c.z.h.HikariDataSource [HikariDataSource.java:350] HikariPool-2 - Shutdown initiated...
2020-10-07 03:31:29,784 INFO [SpringContextShutdownHook] o.s.s.c.ThreadPoolTaskExecutor [ExecutorConfigurationSupport.java:218] Shutting down ExecutorService 'applicationTaskExecutor'
2020-10-07 03:31:29,786 INFO [SpringContextShutdownHook] c.z.h.HikariDataSource [HikariDataSource.java:350] HikariPool-1 - Shutdown initiated...
2020-10-07 03:31:29,787 INFO [SpringContextShutdownHook] c.z.h.HikariDataSource [HikariDataSource.java:352] HikariPool-2 - Shutdown completed.
2020-10-07 03:31:29,813 INFO [SpringContextShutdownHook] c.z.h.HikariDataSource [HikariDataSource.java:352] HikariPool-1 - Shutdown completed.
2020-10-07 03:38:24,697 INFO [Test worker] o.s.b.t.c.SpringBootTestContextBootstrapper [AbstractTestContextBootstrapper.java:308] Neither @ContextConfiguration nor @ContextHierarchy found for test class [org.dell.kube.pagesapi.HomeApiTest], using SpringBootContextLoader
2020-10-07 03:38:24,711 INFO [Test worker] o.s.t.c.s.AbstractContextLoader [AbstractContextLoader.java:264] Could not detect default resource locations for test class [org.dell.kube.pagesapi.HomeApiTest]: no resource found for suffixes {-context.xml, Context.groovy}.
2020-10-07 03:38:24,917 INFO [Test worker] o.s.b.t.c.SpringBootTestContextBootstrapper [AbstractTestContextBootstrapper.java:248] Loaded default TestExecutionListener class names from location [META-INF/spring.factories]: [org.springframework.boot.test.autoconfigure.restdocs.RestDocsTestExecutionListener, org.springframework.boot.test.autoconfigure.web.client.MockRestServiceServerResetTestExecutionListener, org.springframework.boot.test.autoconfigure.web.servlet.MockMvcPrintOnlyOnFailureTestExecutionListener, org.springframework.boot.test.autoconfigure.web.servlet.WebDriverTestExecutionListener, org.springframework.boot.test.autoconfigure.webservices.client.MockWebServiceServerTestExecutionListener, org.springframework.boot.test.mock.mockito.MockitoTestExecutionListener, org.springframework.boot.test.mock.mockito.ResetMocksTestExecutionListener, org.springframework.test.context.web.ServletTestExecutionListener, org.springframework.test.context.support.DirtiesContextBeforeModesTestExecutionListener, org.springframework.test.context.support.DependencyInjectionTestExecutionListener, org.springframework.test.context.support.DirtiesContextTestExecutionListener, org.springframework.test.context.transaction.TransactionalTestExecutionListener, org.springframework.test.context.jdbc.SqlScriptsTestExecutionListener, org.springframework.test.context.event.EventPublishingTestExecutionListener]
2020-10-07 03:38:24,934 INFO [Test worker] o.s.b.t.c.SpringBootTestContextBootstrapper [AbstractTestContextBootstrapper.java:177] Using TestExecutionListeners: [org.springframework.test.context.web.ServletTestExecutionListener@3bbe9e42, org.springframework.test.context.support.DirtiesContextBeforeModesTestExecutionListener@9f5d7a, org.springframework.boot.test.mock.mockito.MockitoTestExecutionListener@6bdbc6a5, org.springframework.boot.test.autoconfigure.SpringBootDependencyInjectionTestExecutionListener@7eaea9d9, org.springframework.test.context.support.DirtiesContextTestExecutionListener@312d64c0, org.springframework.test.context.transaction.TransactionalTestExecutionListener@4b238b12, org.springframework.test.context.jdbc.SqlScriptsTestExecutionListener@7e78923d, org.springframework.test.context.event.EventPublishingTestExecutionListener@75931c4a, org.springframework.boot.test.autoconfigure.restdocs.RestDocsTestExecutionListener@2f427d5c, org.springframework.boot.test.autoconfigure.web.client.MockRestServiceServerResetTestExecutionListener@78ee08bd, org.springframework.boot.test.autoconfigure.web.servlet.MockMvcPrintOnlyOnFailureTestExecutionListener@42bd94e7, org.springframework.boot.test.autoconfigure.web.servlet.WebDriverTestExecutionListener@2f21b1b6, org.springframework.boot.test.autoconfigure.webservices.client.MockWebServiceServerTestExecutionListener@13358193, org.springframework.boot.test.mock.mockito.ResetMocksTestExecutionListener@1b96d8a8]
2020-10-07 03:38:25,474 INFO [Test worker] o.d.k.p.HomeApiTest [StartupInfoLogger.java:55] Starting HomeApiTest on lin01 with PID 5959 (started by student in /home/student/workspace/pages)
2020-10-07 03:38:25,483 INFO [Test worker] o.d.k.p.HomeApiTest [SpringApplication.java:651] No active profile set, falling back to default profiles: default
2020-10-07 03:38:28,056 INFO [Test worker] o.s.b.w.e.t.TomcatWebServer [TomcatWebServer.java:108] Tomcat initialized with port(s): 0 (http)
2020-10-07 03:38:28,070 INFO [Test worker] o.a.c.h.Http11NioProtocol [DirectJDKLog.java:173] Initializing ProtocolHandler ["http-nio-auto-1"]
2020-10-07 03:38:28,071 INFO [Test worker] o.a.c.c.StandardService [DirectJDKLog.java:173] Starting service [Tomcat]
2020-10-07 03:38:28,072 INFO [Test worker] o.a.c.c.StandardEngine [DirectJDKLog.java:173] Starting Servlet engine: [Apache Tomcat/9.0.36]
2020-10-07 03:38:28,190 INFO [Test worker] o.a.c.c.C.[.[.[/] [DirectJDKLog.java:173] Initializing Spring embedded WebApplicationContext
2020-10-07 03:38:28,191 INFO [Test worker] o.s.b.w.s.c.ServletWebServerApplicationContext [ServletWebServerApplicationContext.java:285] Root WebApplicationContext: initialization completed in 2675 ms
2020-10-07 03:38:29,307 INFO [Test worker] o.s.s.c.ThreadPoolTaskExecutor [ExecutorConfigurationSupport.java:181] Initializing ExecutorService 'applicationTaskExecutor'
2020-10-07 03:38:29,925 INFO [Test worker] o.s.b.a.e.w.EndpointLinksResolver [EndpointLinksResolver.java:58] Exposing 2 endpoint(s) beneath base path '/actuator'
2020-10-07 03:38:30,048 INFO [Test worker] o.a.c.h.Http11NioProtocol [DirectJDKLog.java:173] Starting ProtocolHandler ["http-nio-auto-1"]
2020-10-07 03:38:30,167 INFO [Test worker] o.s.b.w.e.t.TomcatWebServer [TomcatWebServer.java:220] Tomcat started on port(s): 39023 (http) with context path ''
2020-10-07 03:38:30,200 INFO [Test worker] o.d.k.p.HomeApiTest [StartupInfoLogger.java:61] Started HomeApiTest in 5.217 seconds (JVM running for 6.891)
2020-10-07 03:38:31,032 INFO [http-nio-auto-1-exec-1] o.a.c.c.C.[.[.[/] [DirectJDKLog.java:173] Initializing Spring DispatcherServlet 'dispatcherServlet'
2020-10-07 03:38:31,045 INFO [http-nio-auto-1-exec-1] o.s.w.s.DispatcherServlet [FrameworkServlet.java:525] Initializing Servlet 'dispatcherServlet'
2020-10-07 03:38:31,085 INFO [http-nio-auto-1-exec-1] o.s.w.s.DispatcherServlet [FrameworkServlet.java:547] Completed initialization in 39 ms
2020-10-07 03:38:31,273 INFO [http-nio-auto-1-exec-2] c.z.h.HikariDataSource [HikariDataSource.java:110] HikariPool-1 - Starting...
2020-10-07 03:38:31,435 INFO [http-nio-auto-1-exec-2] c.z.h.HikariDataSource [HikariDataSource.java:123] HikariPool-1 - Start completed.
2020-10-07 03:38:31,513 INFO [Test worker] o.s.b.t.c.SpringBootTestContextBootstrapper [AbstractTestContextBootstrapper.java:308] Neither @ContextConfiguration nor @ContextHierarchy found for test class [org.dell.kube.pagesapi.PageApiTest], using SpringBootContextLoader
2020-10-07 03:38:31,514 INFO [Test worker] o.s.t.c.s.AbstractContextLoader [AbstractContextLoader.java:264] Could not detect default resource locations for test class [org.dell.kube.pagesapi.PageApiTest]: no resource found for suffixes {-context.xml, Context.groovy}.
2020-10-07 03:38:31,517 INFO [Test worker] o.s.b.t.c.SpringBootTestContextBootstrapper [AbstractTestContextBootstrapper.java:248] Loaded default TestExecutionListener class names from location [META-INF/spring.factories]: [org.springframework.boot.test.autoconfigure.restdocs.RestDocsTestExecutionListener, org.springframework.boot.test.autoconfigure.web.client.MockRestServiceServerResetTestExecutionListener, org.springframework.boot.test.autoconfigure.web.servlet.MockMvcPrintOnlyOnFailureTestExecutionListener, org.springframework.boot.test.autoconfigure.web.servlet.WebDriverTestExecutionListener, org.springframework.boot.test.autoconfigure.webservices.client.MockWebServiceServerTestExecutionListener, org.springframework.boot.test.mock.mockito.MockitoTestExecutionListener, org.springframework.boot.test.mock.mockito.ResetMocksTestExecutionListener, org.springframework.test.context.web.ServletTestExecutionListener, org.springframework.test.context.support.DirtiesContextBeforeModesTestExecutionListener, org.springframework.test.context.support.DependencyInjectionTestExecutionListener, org.springframework.test.context.support.DirtiesContextTestExecutionListener, org.springframework.test.context.transaction.TransactionalTestExecutionListener, org.springframework.test.context.jdbc.SqlScriptsTestExecutionListener, org.springframework.test.context.event.EventPublishingTestExecutionListener]
2020-10-07 03:38:31,517 INFO [Test worker] o.s.b.t.c.SpringBootTestContextBootstrapper [AbstractTestContextBootstrapper.java:177] Using TestExecutionListeners: [org.springframework.test.context.web.ServletTestExecutionListener@29e1484d, org.springframework.test.context.support.DirtiesContextBeforeModesTestExecutionListener@4fd9423b, org.springframework.boot.test.mock.mockito.MockitoTestExecutionListener@14beba45, org.springframework.boot.test.autoconfigure.SpringBootDependencyInjectionTestExecutionListener@6d9a3f75, org.springframework.test.context.support.DirtiesContextTestExecutionListener@4e1ab1ab, org.springframework.test.context.transaction.TransactionalTestExecutionListener@4bd7eac9, org.springframework.test.context.jdbc.SqlScriptsTestExecutionListener@2a5a1d64, org.springframework.test.context.event.EventPublishingTestExecutionListener@1687fecd, org.springframework.boot.test.autoconfigure.restdocs.RestDocsTestExecutionListener@d8b825f, org.springframework.boot.test.autoconfigure.web.client.MockRestServiceServerResetTestExecutionListener@79feb085, org.springframework.boot.test.autoconfigure.web.servlet.MockMvcPrintOnlyOnFailureTestExecutionListener@33533e3, org.springframework.boot.test.autoconfigure.web.servlet.WebDriverTestExecutionListener@2a6dd4de, org.springframework.boot.test.autoconfigure.webservices.client.MockWebServiceServerTestExecutionListener@7b2532b6, org.springframework.boot.test.mock.mockito.ResetMocksTestExecutionListener@77d3cfcf]
2020-10-07 03:38:31,742 INFO [http-nio-auto-1-exec-3] o.d.k.p.PageController [PageController.java:21] WRITE-INFO: 1
2020-10-07 03:38:31,770 INFO [http-nio-auto-1-exec-4] o.d.k.p.PageController [PageController.java:42] list method started.
2020-10-07 03:38:31,775 INFO [http-nio-auto-1-exec-4] o.d.k.p.PageController [PageController.java:44] update-INFO:Fetching page with id = 1
2020-10-07 03:38:31,986 INFO [http-nio-auto-1-exec-5] o.d.k.p.PageController [PageController.java:21] WRITE-INFO: 1
2020-10-07 03:38:32,003 INFO [http-nio-auto-1-exec-6] o.d.k.p.PageController [PageController.java:28] READ-INFO:Fetching page with id = 1
2020-10-07 03:38:32,061 INFO [http-nio-auto-1-exec-7] o.d.k.p.PageController [PageController.java:21] WRITE-INFO: 1
2020-10-07 03:38:32,120 INFO [http-nio-auto-1-exec-8] o.d.k.p.PageController [PageController.java:21] WRITE-INFO: 1
2020-10-07 03:38:32,131 INFO [http-nio-auto-1-exec-9] o.d.k.p.PageController [PageController.java:63] delete-info
2020-10-07 03:38:32,135 INFO [http-nio-auto-1-exec-10] o.d.k.p.PageController [PageController.java:28] READ-INFO:Fetching page with id = 1
2020-10-07 03:38:32,143 ERROR [http-nio-auto-1-exec-10] o.d.k.p.PageController [PageController.java:35] READ-ERROR:Could not find page with id = 1
2020-10-07 03:38:32,201 INFO [http-nio-auto-1-exec-1] o.d.k.p.PageController [PageController.java:21] WRITE-INFO: 1
2020-10-07 03:38:32,215 INFO [http-nio-auto-1-exec-2] o.d.k.p.PageController [PageController.java:52] Update-info:
2020-10-07 03:38:32,222 INFO [Test worker] o.s.b.t.c.SpringBootTestContextBootstrapper [AbstractTestContextBootstrapper.java:308] Neither @ContextConfiguration nor @ContextHierarchy found for test class [org.dell.kube.pages.MySqlPageRepositoryTest], using SpringBootContextLoader
2020-10-07 03:38:32,223 INFO [Test worker] o.s.t.c.s.AbstractContextLoader [AbstractContextLoader.java:264] Could not detect default resource locations for test class [org.dell.kube.pages.MySqlPageRepositoryTest]: no resource found for suffixes {-context.xml, Context.groovy}.
2020-10-07 03:38:32,225 INFO [Test worker] o.s.t.c.s.AnnotationConfigContextLoaderUtils [AnnotationConfigContextLoaderUtils.java:83] Could not detect default configuration classes for test class [org.dell.kube.pages.MySqlPageRepositoryTest]: MySqlPageRepositoryTest does not declare any static, non-private, non-final, nested classes annotated with @Configuration.
2020-10-07 03:38:32,238 INFO [Test worker] o.s.b.t.c.SpringBootTestContextBootstrapper [SpringBootTestContextBootstrapper.java:237] Found @SpringBootConfiguration org.dell.kube.pages.PageApplication for test class org.dell.kube.pages.MySqlPageRepositoryTest
2020-10-07 03:38:32,240 INFO [Test worker] o.s.b.t.c.SpringBootTestContextBootstrapper [AbstractTestContextBootstrapper.java:248] Loaded default TestExecutionListener class names from location [META-INF/spring.factories]: [org.springframework.boot.test.autoconfigure.restdocs.RestDocsTestExecutionListener, org.springframework.boot.test.autoconfigure.web.client.MockRestServiceServerResetTestExecutionListener, org.springframework.boot.test.autoconfigure.web.servlet.MockMvcPrintOnlyOnFailureTestExecutionListener, org.springframework.boot.test.autoconfigure.web.servlet.WebDriverTestExecutionListener, org.springframework.boot.test.autoconfigure.webservices.client.MockWebServiceServerTestExecutionListener, org.springframework.boot.test.mock.mockito.MockitoTestExecutionListener, org.springframework.boot.test.mock.mockito.ResetMocksTestExecutionListener, org.springframework.test.context.web.ServletTestExecutionListener, org.springframework.test.context.support.DirtiesContextBeforeModesTestExecutionListener, org.springframework.test.context.support.DependencyInjectionTestExecutionListener, org.springframework.test.context.support.DirtiesContextTestExecutionListener, org.springframework.test.context.transaction.TransactionalTestExecutionListener, org.springframework.test.context.jdbc.SqlScriptsTestExecutionListener, org.springframework.test.context.event.EventPublishingTestExecutionListener]
2020-10-07 03:38:32,241 INFO [Test worker] o.s.b.t.c.SpringBootTestContextBootstrapper [AbstractTestContextBootstrapper.java:177] Using TestExecutionListeners: [org.springframework.test.context.web.ServletTestExecutionListener@14a7ae8f, org.springframework.test.context.support.DirtiesContextBeforeModesTestExecutionListener@5cfe110c, org.springframework.boot.test.mock.mockito.MockitoTestExecutionListener@1219a455, org.springframework.boot.test.autoconfigure.SpringBootDependencyInjectionTestExecutionListener@7eb70df4, org.springframework.test.context.support.DirtiesContextTestExecutionListener@57cd177b, org.springframework.test.context.transaction.TransactionalTestExecutionListener@7b171aff, org.springframework.test.context.jdbc.SqlScriptsTestExecutionListener@24f332c4, org.springframework.test.context.event.EventPublishingTestExecutionListener@626d4303, org.springframework.boot.test.autoconfigure.restdocs.RestDocsTestExecutionListener@5d24f6fa, org.springframework.boot.test.autoconfigure.web.client.MockRestServiceServerResetTestExecutionListener@1ea7df43, org.springframework.boot.test.autoconfigure.web.servlet.MockMvcPrintOnlyOnFailureTestExecutionListener@237fab41, org.springframework.boot.test.autoconfigure.web.servlet.WebDriverTestExecutionListener@2b029176, org.springframework.boot.test.autoconfigure.webservices.client.MockWebServiceServerTestExecutionListener@51eb31ca, org.springframework.boot.test.mock.mockito.ResetMocksTestExecutionListener@7196b173]
2020-10-07 03:38:32,312 INFO [Test worker] o.d.k.p.MySqlPageRepositoryTest [StartupInfoLogger.java:55] Starting MySqlPageRepositoryTest on lin01 with PID 5959 (started by student in /home/student/workspace/pages)
2020-10-07 03:38:32,313 INFO [Test worker] o.d.k.p.MySqlPageRepositoryTest [SpringApplication.java:651] No active profile set, falling back to default profiles: default
2020-10-07 03:38:33,363 INFO [Test worker] o.s.s.c.ThreadPoolTaskExecutor [ExecutorConfigurationSupport.java:181] Initializing ExecutorService 'applicationTaskExecutor'
2020-10-07 03:38:33,901 INFO [Test worker] o.s.b.a.e.w.EndpointLinksResolver [EndpointLinksResolver.java:58] Exposing 2 endpoint(s) beneath base path '/actuator'
2020-10-07 03:38:33,953 INFO [Test worker] o.d.k.p.MySqlPageRepositoryTest [StartupInfoLogger.java:61] Started MySqlPageRepositoryTest in 1.672 seconds (JVM running for 10.644)
2020-10-07 03:38:34,014 INFO [Test worker] c.z.h.HikariDataSource [HikariDataSource.java:110] HikariPool-2 - Starting...
2020-10-07 03:38:34,024 INFO [Test worker] c.z.h.HikariDataSource [HikariDataSource.java:123] HikariPool-2 - Start completed.
2020-10-07 03:38:34,337 INFO [Test worker] o.d.k.p.PageController [PageController.java:42] list method started.
2020-10-07 03:38:34,340 INFO [Test worker] o.d.k.p.PageController [PageController.java:44] update-INFO:Fetching page with id = 1
2020-10-07 03:38:34,356 INFO [Test worker] o.d.k.p.PageController [PageController.java:28] READ-INFO:Fetching page with id = 1
2020-10-07 03:38:34,358 INFO [Test worker] o.d.k.p.PageController [PageController.java:28] READ-INFO:Fetching page with id = 1
2020-10-07 03:38:34,359 ERROR [Test worker] o.d.k.p.PageController [PageController.java:35] READ-ERROR:Could not find page with id = 1
2020-10-07 03:38:34,363 ERROR [Test worker] o.d.k.p.PageController [PageController.java:56] Update-ERROR:Could not find page with id = 1
2020-10-07 03:38:34,365 INFO [Test worker] o.d.k.p.PageController [PageController.java:21] WRITE-INFO: 1
2020-10-07 03:38:34,367 INFO [Test worker] o.d.k.p.PageController [PageController.java:63] delete-info
2020-10-07 03:38:34,370 INFO [Test worker] o.d.k.p.PageController [PageController.java:52] Update-info:
2020-10-07 03:38:34,381 INFO [SpringContextShutdownHook] o.s.s.c.ThreadPoolTaskExecutor [ExecutorConfigurationSupport.java:218] Shutting down ExecutorService 'applicationTaskExecutor'
2020-10-07 03:38:34,382 INFO [SpringContextShutdownHook] c.z.h.HikariDataSource [HikariDataSource.java:350] HikariPool-2 - Shutdown initiated...
2020-10-07 03:38:34,408 INFO [SpringContextShutdownHook] c.z.h.HikariDataSource [HikariDataSource.java:352] HikariPool-2 - Shutdown completed.
2020-10-07 03:38:34,472 INFO [SpringContextShutdownHook] o.s.s.c.ThreadPoolTaskExecutor [ExecutorConfigurationSupport.java:218] Shutting down ExecutorService 'applicationTaskExecutor'
2020-10-07 03:38:34,473 INFO [SpringContextShutdownHook] c.z.h.HikariDataSource [HikariDataSource.java:350] HikariPool-1 - Shutdown initiated...
2020-10-07 03:38:34,479 INFO [SpringContextShutdownHook] c.z.h.HikariDataSource [HikariDataSource.java:352] HikariPool-1 - Shutdown com----------------------------------



-----------------------------






